<?xml version="1.0" encoding="UTF-8"?>
<!-- Generated by org.testng.reporters.JUnitReportReporter -->
<testsuite skipped="0" hostname="INSARAVANS01" name="com.w2a.API_Batch3.testCases.TestCreateCustomerAPI" tests="1" failures="0" timestamp="16 Mar 2019 13:34:21 GMT" time="9.649" errors="0">
  <testcase name="validateCreateCustomerAPIWithValidData" time="9.649" classname="com.w2a.API_Batch3.testCases.TestCreateCustomerAPI"/>
</testsuite> <!-- com.w2a.API_Batch3.testCases.TestCreateCustomerAPI -->
